<?xml version="1.0" encoding="UTF-8"?>
<testsuite xmlns:xsi="http://www.w3.org/2001/XMLSchema-instance" xsi:noNamespaceSchemaLocation="https://maven.apache.org/surefire/maven-failsafe-plugin/xsd/failsafe-test-report-3.0.xsd" version="3.0" name="starter.CucumberTestSuite" time="243.004" tests="16" errors="0" skipped="0" failures="0">
  <properties>
[...]
</properties>
  <testcase name="Example #1.1" classname="Examples" time="13.228">
    <system-out><![CDATA[19:40:36.337 [main] INFO  n.thucydides.core.steps.StepEventBus - Loading JUnit Platform configuration parameters from classpath resource [junit-platform.properties].
19:40:36.353 [main] INFO   - 

-------------------------------------------------------------------------------------
     _______. _______ .______       _______ .__   __.  __  .___________.____    ____ 
    /       ||   ____||   _  \     |   ____||  \ |  | |  | |           |\   \  /   / 
   |   (----`|  |__   |  |_)  |    |  |__   |   \|  | |  | `---|  |----` \   \/   /  
    \   \    |   __|  |      /     |   __|  |  . `  | |  |     |  |       \_    _/   
.----)   |   |  |____ |  |\  \----.|  |____ |  |\   | |  |     |  |         |  |     
|_______/    |_______|| _| `._____||_______||__| \__| |__|     |__|         |__|    
                                                                                     
 News and tutorials at https://serenity-bdd.info                                     
 Documentation at https://serenity-bdd.github.io                                     
 Test Automation Training and Coaching: https://www.serenity-dojo.com                
 Commercial Support: https://www.serenity-dojo.com/serenity-bdd-enterprise-support   
 Join the Serenity Community on Gitter: https://gitter.im/serenity-bdd/serenity-core 
-------------------------------------------------------------------------------------

19:40:36.356 [main] INFO   - Test Suite Started: Add Products To Cart Feature

@addProductsToCart
Scenario Outline: Add Products To Cart           &amp#27;[90m# features/login/AddProductsToCart.feature:15&amp#27;[0m
19:40:37.047 [main] INFO  n.s.c.w.d.ChromeDriverProvider - Starting Chrome driver instance with capabilities:
19:40:37.048 [main] INFO  n.s.c.w.d.ChromeDriverProvider - Capabilities {acceptInsecureCerts: true, browserName: chrome, goog:chromeOptions: {args: [test-type, no-sandbox, ignore-certificate-errors, --window-size=1000,800, incognito, disable-infobars, disable-gpu, disable-default-apps, disable-popup-blocking, disable-dev-shm-usage, disable-extensions, disable-web-security, disable-translate, disable-logging, test-type, no-sandbox, ignore-certificate-errors, --window-size=1000,800, incognito, disable-infobars, disable-gpu, disable-default-apps, disable-popup-blocking, disable-dev-shm-usage, disable-extensions, disable-web-security, disable-translate, disable-logging, remote-allow-origins=*], extensions: []}}
  &amp#27;[32mGiven &amp#27;[0m&amp#27;[32mI am on the Home Page&amp#27;[0m                    &amp#27;[90m# starter.stepdefinitions.NonValidCredentialsLoginStepsDefinitions.iAmOnTheHomePage()&amp#27;[0m
  &amp#27;[32mWhen &amp#27;[0m&amp#27;[32mI click the Login button&amp#27;[0m                  &amp#27;[90m# starter.stepdefinitions.NonValidCredentialsLoginStepsDefinitions.iClickTheLoginButton()&amp#27;[0m
  &amp#27;[32mAnd &amp#27;[0m&amp#27;[32mI enter the username &amp#27;[0m&amp#27;[32m&amp#27;[1m"strugure"&amp#27;[0m            &amp#27;[90m# starter.stepdefinitions.NonValidCredentialsLoginStepsDefinitions.iEnterTheUsername(java.lang.String)&amp#27;[0m
  &amp#27;[32mAnd &amp#27;[0m&amp#27;[32mI enter the password &amp#27;[0m&amp#27;[32m&amp#27;[1m"strugure"&amp#27;[0m            &amp#27;[90m# starter.stepdefinitions.NonValidCredentialsLoginStepsDefinitions.iEnterThePassword(java.lang.String)&amp#27;[0m
  &amp#27;[32mAnd &amp#27;[0m&amp#27;[32mI click the Log in button&amp#27;[0m                  &amp#27;[90m# starter.stepdefinitions.NonValidCredentialsLoginStepsDefinitions.iClickTheLogInButton()&amp#27;[0m
  &amp#27;[32mAnd &amp#27;[0m&amp#27;[32mI click the title of a product&amp#27;[0m             &amp#27;[90m# starter.stepdefinitions.AddProductsToCartStepDefinitions.iClickTheTitleOfAProduct()&amp#27;[0m
  &amp#27;[32mAnd &amp#27;[0m&amp#27;[32mI click the Add to cart button&amp#27;[0m             &amp#27;[90m# starter.stepdefinitions.AddProductsToCartStepDefinitions.iClickTheAddToCartButton()&amp#27;[0m
  &amp#27;[32mThen &amp#27;[0m&amp#27;[32mI should see the &amp#27;[0m&amp#27;[32m&amp#27;[1m"Product added."&amp#27;[0m&amp#27;[32m message&amp#27;[0m &amp#27;[90m# starter.stepdefinitions.AddProductsToCartStepDefinitions.iShouldSeeTheMessage(java.lang.String)&amp#27;[0m
]]></system-out>
  </testcase>
  <testcase name="Example #1.1" classname="Examples" time="11.623">
    <system-out><![CDATA[19:40:49.630 [main] INFO   - Test Suite Started: Logout Feature

@Logout
Scenario Outline: Logout                          &amp#27;[90m# features/login/Logout.feature:14&amp#27;[0m
19:40:49.694 [main] INFO  n.s.c.w.d.ChromeDriverProvider - Starting Chrome driver instance with capabilities:
19:40:49.694 [main] INFO  n.s.c.w.d.ChromeDriverProvider - Capabilities {acceptInsecureCerts: true, browserName: chrome, goog:chromeOptions: {args: [test-type, no-sandbox, ignore-certificate-errors, --window-size=1000,800, incognito, disable-infobars, disable-gpu, disable-default-apps, disable-popup-blocking, disable-dev-shm-usage, disable-extensions, disable-web-security, disable-translate, disable-logging, test-type, no-sandbox, ignore-certificate-errors, --window-size=1000,800, incognito, disable-infobars, disable-gpu, disable-default-apps, disable-popup-blocking, disable-dev-shm-usage, disable-extensions, disable-web-security, disable-translate, disable-logging, remote-allow-origins=*], extensions: []}}
  &amp#27;[32mGiven &amp#27;[0m&amp#27;[32mI am on the Home Page&amp#27;[0m                     &amp#27;[90m# starter.stepdefinitions.NonValidCredentialsLoginStepsDefinitions.iAmOnTheHomePage()&amp#27;[0m
  &amp#27;[32mWhen &amp#27;[0m&amp#27;[32mI click the Login button&amp#27;[0m                   &amp#27;[90m# starter.stepdefinitions.NonValidCredentialsLoginStepsDefinitions.iClickTheLoginButton()&amp#27;[0m
  &amp#27;[32mAnd &amp#27;[0m&amp#27;[32mI enter the username &amp#27;[0m&amp#27;[32m&amp#27;[1m"strugure"&amp#27;[0m             &amp#27;[90m# starter.stepdefinitions.NonValidCredentialsLoginStepsDefinitions.iEnterTheUsername(java.lang.String)&amp#27;[0m
  &amp#27;[32mAnd &amp#27;[0m&amp#27;[32mI enter the password &amp#27;[0m&amp#27;[32m&amp#27;[1m"strugure"&amp#27;[0m             &amp#27;[90m# starter.stepdefinitions.NonValidCredentialsLoginStepsDefinitions.iEnterThePassword(java.lang.String)&amp#27;[0m
  &amp#27;[32mAnd &amp#27;[0m&amp#27;[32mI click the Log in button&amp#27;[0m                   &amp#27;[90m# starter.stepdefinitions.NonValidCredentialsLoginStepsDefinitions.iClickTheLogInButton()&amp#27;[0m
  &amp#27;[32mAnd &amp#27;[0m&amp#27;[32mI click the Log out button&amp#27;[0m                  &amp#27;[90m# starter.stepdefinitions.LogoutStepDefinitions.iClickTheLogOutButton()&amp#27;[0m
  &amp#27;[32mThen &amp#27;[0m&amp#27;[32mI should find the Login button on the page&amp#27;[0m &amp#27;[90m# starter.stepdefinitions.LogoutStepDefinitions.iShouldFindTheLoginButtonOnThePage()&amp#27;[0m
]]></system-out>
  </testcase>
  <testcase name="Example #1.1" classname="Examples" time="8.878">
    <system-out><![CDATA[19:41:01.257 [main] INFO   - Test Suite Started: NonValid Credentials Login Feature

@nonValidLogin
Scenario Outline: Login with bad credentials          &amp#27;[90m# features/login/NonValidCredentialsLogin.feature:14&amp#27;[0m
19:41:01.319 [main] INFO  n.s.c.w.d.ChromeDriverProvider - Starting Chrome driver instance with capabilities:
19:41:01.319 [main] INFO  n.s.c.w.d.ChromeDriverProvider - Capabilities {acceptInsecureCerts: true, browserName: chrome, goog:chromeOptions: {args: [test-type, no-sandbox, ignore-certificate-errors, --window-size=1000,800, incognito, disable-infobars, disable-gpu, disable-default-apps, disable-popup-blocking, disable-dev-shm-usage, disable-extensions, disable-web-security, disable-translate, disable-logging, test-type, no-sandbox, ignore-certificate-errors, --window-size=1000,800, incognito, disable-infobars, disable-gpu, disable-default-apps, disable-popup-blocking, disable-dev-shm-usage, disable-extensions, disable-web-security, disable-translate, disable-logging, remote-allow-origins=*], extensions: []}}
  &amp#27;[32mGiven &amp#27;[0m&amp#27;[32mI am on the Home Page&amp#27;[0m                         &amp#27;[90m# starter.stepdefinitions.NonValidCredentialsLoginStepsDefinitions.iAmOnTheHomePage()&amp#27;[0m
  &amp#27;[32mWhen &amp#27;[0m&amp#27;[32mI click the Login button&amp#27;[0m                       &amp#27;[90m# starter.stepdefinitions.NonValidCredentialsLoginStepsDefinitions.iClickTheLoginButton()&amp#27;[0m
  &amp#27;[32mAnd &amp#27;[0m&amp#27;[32mI enter the username &amp#27;[0m&amp#27;[32m&amp#27;[1m"tester007777"&amp#27;[0m             &amp#27;[90m# starter.stepdefinitions.NonValidCredentialsLoginStepsDefinitions.iEnterTheUsername(java.lang.String)&amp#27;[0m
  &amp#27;[32mAnd &amp#27;[0m&amp#27;[32mI enter the password &amp#27;[0m&amp#27;[32m&amp#27;[1m"password"&amp#27;[0m                 &amp#27;[90m# starter.stepdefinitions.NonValidCredentialsLoginStepsDefinitions.iEnterThePassword(java.lang.String)&amp#27;[0m
  &amp#27;[32mAnd &amp#27;[0m&amp#27;[32mI click the Log in button&amp#27;[0m                       &amp#27;[90m# starter.stepdefinitions.NonValidCredentialsLoginStepsDefinitions.iClickTheLogInButton()&amp#27;[0m
  &amp#27;[32mThen &amp#27;[0m&amp#27;[32mI should see the &amp#27;[0m&amp#27;[32m&amp#27;[1m"User does not exist"&amp#27;[0m&amp#27;[32m message&amp#27;[0m &amp#27;[90m# starter.stepdefinitions.AddProductsToCartStepDefinitions.iShouldSeeTheMessage(java.lang.String)&amp#27;[0m
  &amp#27;[32mAnd &amp#27;[0m&amp#27;[32mI accept the alert&amp#27;[0m                              &amp#27;[90m# starter.stepdefinitions.PlaceAnOrderNonValidCredentialsStepDefinitions.iAcceptTheAlert()&amp#27;[0m
]]></system-out>
  </testcase>
  <testcase name="Example #1.1" classname="Examples" time="21.893">
    <system-out><![CDATA[19:41:43.317 [main] INFO   - Test Suite Started: Place an Order Feature

@placeAnOrder
Scenario Outline: Place an Order                                         &amp#27;[90m# features/login/PlaceAnOrder.feature:24&amp#27;[0m
19:41:43.364 [main] INFO  n.s.c.w.d.ChromeDriverProvider - Starting Chrome driver instance with capabilities:
19:41:43.365 [main] INFO  n.s.c.w.d.ChromeDriverProvider - Capabilities {acceptInsecureCerts: true, browserName: chrome, goog:chromeOptions: {args: [test-type, no-sandbox, ignore-certificate-errors, --window-size=1000,800, incognito, disable-infobars, disable-gpu, disable-default-apps, disable-popup-blocking, disable-dev-shm-usage, disable-extensions, disable-web-security, disable-translate, disable-logging, test-type, no-sandbox, ignore-certificate-errors, --window-size=1000,800, incognito, disable-infobars, disable-gpu, disable-default-apps, disable-popup-blocking, disable-dev-shm-usage, disable-extensions, disable-web-security, disable-translate, disable-logging, remote-allow-origins=*], extensions: []}}
  &amp#27;[32mGiven &amp#27;[0m&amp#27;[32mI am on the Home Page&amp#27;[0m                                            &amp#27;[90m# starter.stepdefinitions.NonValidCredentialsLoginStepsDefinitions.iAmOnTheHomePage()&amp#27;[0m
  &amp#27;[32mWhen &amp#27;[0m&amp#27;[32mI click the Login button&amp#27;[0m                                          &amp#27;[90m# starter.stepdefinitions.NonValidCredentialsLoginStepsDefinitions.iClickTheLoginButton()&amp#27;[0m
  &amp#27;[32mAnd &amp#27;[0m&amp#27;[32mI enter the username &amp#27;[0m&amp#27;[32m&amp#27;[1m"strugure"&amp#27;[0m                                    &amp#27;[90m# starter.stepdefinitions.NonValidCredentialsLoginStepsDefinitions.iEnterTheUsername(java.lang.String)&amp#27;[0m
  &amp#27;[32mAnd &amp#27;[0m&amp#27;[32mI enter the password &amp#27;[0m&amp#27;[32m&amp#27;[1m"strugure"&amp#27;[0m                                    &amp#27;[90m# starter.stepdefinitions.NonValidCredentialsLoginStepsDefinitions.iEnterThePassword(java.lang.String)&amp#27;[0m
  &amp#27;[32mAnd &amp#27;[0m&amp#27;[32mI click the Log in button&amp#27;[0m                                          &amp#27;[90m# starter.stepdefinitions.NonValidCredentialsLoginStepsDefinitions.iClickTheLogInButton()&amp#27;[0m
  &amp#27;[32mAnd &amp#27;[0m&amp#27;[32mI click the Cart button&amp#27;[0m                                            &amp#27;[90m# starter.stepdefinitions.PlaceAnOrderStepDefinitions.iClickTheCartButton()&amp#27;[0m
  &amp#27;[32mAnd &amp#27;[0m&amp#27;[32mI click the Place Order button&amp#27;[0m                                     &amp#27;[90m# starter.stepdefinitions.PlaceAnOrderStepDefinitions.iClickThePlaceOrderButton()&amp#27;[0m
  &amp#27;[32mAnd &amp#27;[0m&amp#27;[32mI enter the Name &amp#27;[0m&amp#27;[32m&amp#27;[1mStrugure&amp#27;[0m                                          &amp#27;[90m# starter.stepdefinitions.PlaceAnOrderStepDefinitions.iEnterTheName(java.lang.String)&amp#27;[0m
  &amp#27;[32mAnd &amp#27;[0m&amp#27;[32mI enter the Country &amp#27;[0m&amp#27;[32m&amp#27;[1mPodgorie&amp#27;[0m                                       &amp#27;[90m# starter.stepdefinitions.PlaceAnOrderStepDefinitions.iEnterTheCountry(java.lang.String)&amp#27;[0m
  &amp#27;[32mAnd &amp#27;[0m&amp#27;[32mI enter the City &amp#27;[0m&amp#27;[32m&amp#27;[1mVie&amp#27;[0m                                               &amp#27;[90m# starter.stepdefinitions.PlaceAnOrderStepDefinitions.iEnterTheCity(java.lang.String)&amp#27;[0m
  &amp#27;[32mAnd &amp#27;[0m&amp#27;[32mI enter the Credit Card &amp#27;[0m&amp#27;[32m&amp#27;[1m1234.5678.9012.3456&amp#27;[0m                        &amp#27;[90m# starter.stepdefinitions.PlaceAnOrderStepDefinitions.iEnterTheCreditCard(java.lang.String)&amp#27;[0m
  &amp#27;[32mAnd &amp#27;[0m&amp#27;[32mI enter the Month &amp#27;[0m&amp#27;[32m&amp#27;[1m12&amp#27;[0m                                               &amp#27;[90m# starter.stepdefinitions.PlaceAnOrderStepDefinitions.iEnterTheMonth(java.lang.String)&amp#27;[0m
  &amp#27;[32mAnd &amp#27;[0m&amp#27;[32mI enter the Year &amp#27;[0m&amp#27;[32m&amp#27;[1m2028&amp#27;[0m                                              &amp#27;[90m# starter.stepdefinitions.PlaceAnOrderStepDefinitions.iEnterTheYear(java.lang.String)&amp#27;[0m
  &amp#27;[32mAnd &amp#27;[0m&amp#27;[32mI click Purchase button&amp#27;[0m                                            &amp#27;[90m# starter.stepdefinitions.PlaceAnOrderStepDefinitions.iClickPurchaseButton()&amp#27;[0m
  &amp#27;[32mThen &amp#27;[0m&amp#27;[32mI should see the &amp#27;[0m&amp#27;[32m&amp#27;[1m"Thank you for your purchase!"&amp#27;[0m&amp#27;[32m thank you message&amp#27;[0m &amp#27;[90m# starter.stepdefinitions.PlaceAnOrderStepDefinitions.iShouldSeeTheThankYouMessage(java.lang.String)&amp#27;[0m
  &amp#27;[32mAnd &amp#27;[0m&amp#27;[32mI click Ok button&amp#27;[0m                                                  &amp#27;[90m# starter.stepdefinitions.PlaceAnOrderStepDefinitions.iClickOkButton()&amp#27;[0m
  &amp#27;[32mAnd &amp#27;[0m&amp#27;[32mI click the Log out button&amp#27;[0m                                         &amp#27;[90m# starter.stepdefinitions.LogoutStepDefinitions.iClickTheLogOutButton()&amp#27;[0m
]]></system-out>
  </testcase>
  <testcase name="Example #1.1" classname="Examples" time="21.5">
    <system-out><![CDATA[19:43:31.955 [main] INFO   - Test Suite Started: Place an Order Non Valid Credentials Feature

@placeAnOrderNonValidCredentials
Scenario Outline: Place an Order Non Valid Credentials                 &amp#27;[90m# features/login/PlaceAnOrderNonValidCredentials.feature:25&amp#27;[0m
19:43:32.002 [main] INFO  n.s.c.w.d.ChromeDriverProvider - Starting Chrome driver instance with capabilities:
19:43:32.002 [main] INFO  n.s.c.w.d.ChromeDriverProvider - Capabilities {acceptInsecureCerts: true, browserName: chrome, goog:chromeOptions: {args: [test-type, no-sandbox, ignore-certificate-errors, --window-size=1000,800, incognito, disable-infobars, disable-gpu, disable-default-apps, disable-popup-blocking, disable-dev-shm-usage, disable-extensions, disable-web-security, disable-translate, disable-logging, test-type, no-sandbox, ignore-certificate-errors, --window-size=1000,800, incognito, disable-infobars, disable-gpu, disable-default-apps, disable-popup-blocking, disable-dev-shm-usage, disable-extensions, disable-web-security, disable-translate, disable-logging, remote-allow-origins=*], extensions: []}}
  &amp#27;[32mGiven &amp#27;[0m&amp#27;[32mI am on the Home Page&amp#27;[0m                                          &amp#27;[90m# starter.stepdefinitions.NonValidCredentialsLoginStepsDefinitions.iAmOnTheHomePage()&amp#27;[0m
  &amp#27;[32mWhen &amp#27;[0m&amp#27;[32mI click the Login button&amp#27;[0m                                        &amp#27;[90m# starter.stepdefinitions.NonValidCredentialsLoginStepsDefinitions.iClickTheLoginButton()&amp#27;[0m
  &amp#27;[32mAnd &amp#27;[0m&amp#27;[32mI enter the username &amp#27;[0m&amp#27;[32m&amp#27;[1m"strugure"&amp#27;[0m                                  &amp#27;[90m# starter.stepdefinitions.NonValidCredentialsLoginStepsDefinitions.iEnterTheUsername(java.lang.String)&amp#27;[0m
  &amp#27;[32mAnd &amp#27;[0m&amp#27;[32mI enter the password &amp#27;[0m&amp#27;[32m&amp#27;[1m"strugure"&amp#27;[0m                                  &amp#27;[90m# starter.stepdefinitions.NonValidCredentialsLoginStepsDefinitions.iEnterThePassword(java.lang.String)&amp#27;[0m
  &amp#27;[32mAnd &amp#27;[0m&amp#27;[32mI click the Log in button&amp#27;[0m                                        &amp#27;[90m# starter.stepdefinitions.NonValidCredentialsLoginStepsDefinitions.iClickTheLogInButton()&amp#27;[0m
  &amp#27;[32mAnd &amp#27;[0m&amp#27;[32mI click the Cart button&amp#27;[0m                                          &amp#27;[90m# starter.stepdefinitions.PlaceAnOrderStepDefinitions.iClickTheCartButton()&amp#27;[0m
  &amp#27;[32mAnd &amp#27;[0m&amp#27;[32mI click the Place Order button&amp#27;[0m                                   &amp#27;[90m# starter.stepdefinitions.PlaceAnOrderStepDefinitions.iClickThePlaceOrderButton()&amp#27;[0m
  &amp#27;[32mAnd &amp#27;[0m&amp#27;[32mI enter the Name &amp#27;[0m&amp#27;[32m&amp#27;[1m&amp#27;[0m                                                &amp#27;[90m# starter.stepdefinitions.PlaceAnOrderStepDefinitions.iEnterTheName(java.lang.String)&amp#27;[0m
  &amp#27;[32mAnd &amp#27;[0m&amp#27;[32mI enter the Country &amp#27;[0m&amp#27;[32m&amp#27;[1m&amp#27;[0m                                             &amp#27;[90m# starter.stepdefinitions.PlaceAnOrderStepDefinitions.iEnterTheCountry(java.lang.String)&amp#27;[0m
  &amp#27;[32mAnd &amp#27;[0m&amp#27;[32mI enter the City &amp#27;[0m&amp#27;[32m&amp#27;[1m&amp#27;[0m                                                &amp#27;[90m# starter.stepdefinitions.PlaceAnOrderStepDefinitions.iEnterTheCity(java.lang.String)&amp#27;[0m
  &amp#27;[32mAnd &amp#27;[0m&amp#27;[32mI enter the Credit Card &amp#27;[0m&amp#27;[32m&amp#27;[1m1234.5678.9012.3456&amp#27;[0m                      &amp#27;[90m# starter.stepdefinitions.PlaceAnOrderStepDefinitions.iEnterTheCreditCard(java.lang.String)&amp#27;[0m
  &amp#27;[32mAnd &amp#27;[0m&amp#27;[32mI enter the Month &amp#27;[0m&amp#27;[32m&amp#27;[1m&amp#27;[0m                                               &amp#27;[90m# starter.stepdefinitions.PlaceAnOrderStepDefinitions.iEnterTheMonth(java.lang.String)&amp#27;[0m
  &amp#27;[32mAnd &amp#27;[0m&amp#27;[32mI enter the Year &amp#27;[0m&amp#27;[32m&amp#27;[1m&amp#27;[0m                                                &amp#27;[90m# starter.stepdefinitions.PlaceAnOrderStepDefinitions.iEnterTheYear(java.lang.String)&amp#27;[0m
  &amp#27;[32mAnd &amp#27;[0m&amp#27;[32mI click Purchase button&amp#27;[0m                                          &amp#27;[90m# starter.stepdefinitions.PlaceAnOrderStepDefinitions.iClickPurchaseButton()&amp#27;[0m
  &amp#27;[32mThen &amp#27;[0m&amp#27;[32mI should see the &amp#27;[0m&amp#27;[32m&amp#27;[1m"Please fill out Name and Creditcard."&amp#27;[0m&amp#27;[32m message&amp#27;[0m &amp#27;[90m# starter.stepdefinitions.AddProductsToCartStepDefinitions.iShouldSeeTheMessage(java.lang.String)&amp#27;[0m
  &amp#27;[32mAnd &amp#27;[0m&amp#27;[32mI accept the alert&amp#27;[0m                                               &amp#27;[90m# starter.stepdefinitions.PlaceAnOrderNonValidCredentialsStepDefinitions.iAcceptTheAlert()&amp#27;[0m
  &amp#27;[32mAnd &amp#27;[0m&amp#27;[32mI close the form&amp#27;[0m                                                 &amp#27;[90m# starter.stepdefinitions.PlaceAnOrderNonValidCredentialsStepDefinitions.iCloseTheForm()&amp#27;[0m
  &amp#27;[32mAnd &amp#27;[0m&amp#27;[32mI click the Log out button&amp#27;[0m                                       &amp#27;[90m# starter.stepdefinitions.LogoutStepDefinitions.iClickTheLogOutButton()&amp#27;[0m
]]></system-out>
  </testcase>
  <testcase name="Example #1.2" classname="Examples" time="8.452">
    <system-out><![CDATA[
@nonValidLogin
Scenario Outline: Login with bad credentials      &amp#27;[90m# features/login/NonValidCredentialsLogin.feature:15&amp#27;[0m
19:41:10.190 [main] INFO  n.s.c.w.d.ChromeDriverProvider - Starting Chrome driver instance with capabilities:
19:41:10.190 [main] INFO  n.s.c.w.d.ChromeDriverProvider - Capabilities {acceptInsecureCerts: true, browserName: chrome, goog:chromeOptions: {args: [test-type, no-sandbox, ignore-certificate-errors, --window-size=1000,800, incognito, disable-infobars, disable-gpu, disable-default-apps, disable-popup-blocking, disable-dev-shm-usage, disable-extensions, disable-web-security, disable-translate, disable-logging, test-type, no-sandbox, ignore-certificate-errors, --window-size=1000,800, incognito, disable-infobars, disable-gpu, disable-default-apps, disable-popup-blocking, disable-dev-shm-usage, disable-extensions, disable-web-security, disable-translate, disable-logging, remote-allow-origins=*], extensions: []}}
  &amp#27;[32mGiven &amp#27;[0m&amp#27;[32mI am on the Home Page&amp#27;[0m                     &amp#27;[90m# starter.stepdefinitions.NonValidCredentialsLoginStepsDefinitions.iAmOnTheHomePage()&amp#27;[0m
  &amp#27;[32mWhen &amp#27;[0m&amp#27;[32mI click the Login button&amp#27;[0m                   &amp#27;[90m# starter.stepdefinitions.NonValidCredentialsLoginStepsDefinitions.iClickTheLoginButton()&amp#27;[0m
  &amp#27;[32mAnd &amp#27;[0m&amp#27;[32mI enter the username &amp#27;[0m&amp#27;[32m&amp#27;[1m"strugure"&amp#27;[0m             &amp#27;[90m# starter.stepdefinitions.NonValidCredentialsLoginStepsDefinitions.iEnterTheUsername(java.lang.String)&amp#27;[0m
  &amp#27;[32mAnd &amp#27;[0m&amp#27;[32mI enter the password &amp#27;[0m&amp#27;[32m&amp#27;[1m"password"&amp#27;[0m             &amp#27;[90m# starter.stepdefinitions.NonValidCredentialsLoginStepsDefinitions.iEnterThePassword(java.lang.String)&amp#27;[0m
  &amp#27;[32mAnd &amp#27;[0m&amp#27;[32mI click the Log in button&amp#27;[0m                   &amp#27;[90m# starter.stepdefinitions.NonValidCredentialsLoginStepsDefinitions.iClickTheLogInButton()&amp#27;[0m
  &amp#27;[32mThen &amp#27;[0m&amp#27;[32mI should see the &amp#27;[0m&amp#27;[32m&amp#27;[1m"Wrong password."&amp#27;[0m&amp#27;[32m message&amp#27;[0m &amp#27;[90m# starter.stepdefinitions.AddProductsToCartStepDefinitions.iShouldSeeTheMessage(java.lang.String)&amp#27;[0m
  &amp#27;[32mAnd &amp#27;[0m&amp#27;[32mI accept the alert&amp#27;[0m                          &amp#27;[90m# starter.stepdefinitions.PlaceAnOrderNonValidCredentialsStepDefinitions.iAcceptTheAlert()&amp#27;[0m
]]></system-out>
  </testcase>
  <testcase name="Example #1.2" classname="Examples" time="21.829">
    <system-out><![CDATA[
@placeAnOrder
Scenario Outline: Place an Order                                         &amp#27;[90m# features/login/PlaceAnOrder.feature:25&amp#27;[0m
19:42:05.258 [main] INFO  n.s.c.w.d.ChromeDriverProvider - Starting Chrome driver instance with capabilities:
19:42:05.258 [main] INFO  n.s.c.w.d.ChromeDriverProvider - Capabilities {acceptInsecureCerts: true, browserName: chrome, goog:chromeOptions: {args: [test-type, no-sandbox, ignore-certificate-errors, --window-size=1000,800, incognito, disable-infobars, disable-gpu, disable-default-apps, disable-popup-blocking, disable-dev-shm-usage, disable-extensions, disable-web-security, disable-translate, disable-logging, test-type, no-sandbox, ignore-certificate-errors, --window-size=1000,800, incognito, disable-infobars, disable-gpu, disable-default-apps, disable-popup-blocking, disable-dev-shm-usage, disable-extensions, disable-web-security, disable-translate, disable-logging, remote-allow-origins=*], extensions: []}}
  &amp#27;[32mGiven &amp#27;[0m&amp#27;[32mI am on the Home Page&amp#27;[0m                                            &amp#27;[90m# starter.stepdefinitions.NonValidCredentialsLoginStepsDefinitions.iAmOnTheHomePage()&amp#27;[0m
  &amp#27;[32mWhen &amp#27;[0m&amp#27;[32mI click the Login button&amp#27;[0m                                          &amp#27;[90m# starter.stepdefinitions.NonValidCredentialsLoginStepsDefinitions.iClickTheLoginButton()&amp#27;[0m
  &amp#27;[32mAnd &amp#27;[0m&amp#27;[32mI enter the username &amp#27;[0m&amp#27;[32m&amp#27;[1m"strugure"&amp#27;[0m                                    &amp#27;[90m# starter.stepdefinitions.NonValidCredentialsLoginStepsDefinitions.iEnterTheUsername(java.lang.String)&amp#27;[0m
  &amp#27;[32mAnd &amp#27;[0m&amp#27;[32mI enter the password &amp#27;[0m&amp#27;[32m&amp#27;[1m"strugure"&amp#27;[0m                                    &amp#27;[90m# starter.stepdefinitions.NonValidCredentialsLoginStepsDefinitions.iEnterThePassword(java.lang.String)&amp#27;[0m
  &amp#27;[32mAnd &amp#27;[0m&amp#27;[32mI click the Log in button&amp#27;[0m                                          &amp#27;[90m# starter.stepdefinitions.NonValidCredentialsLoginStepsDefinitions.iClickTheLogInButton()&amp#27;[0m
  &amp#27;[32mAnd &amp#27;[0m&amp#27;[32mI click the Cart button&amp#27;[0m                                            &amp#27;[90m# starter.stepdefinitions.PlaceAnOrderStepDefinitions.iClickTheCartButton()&amp#27;[0m
  &amp#27;[32mAnd &amp#27;[0m&amp#27;[32mI click the Place Order button&amp#27;[0m                                     &amp#27;[90m# starter.stepdefinitions.PlaceAnOrderStepDefinitions.iClickThePlaceOrderButton()&amp#27;[0m
  &amp#27;[32mAnd &amp#27;[0m&amp#27;[32mI enter the Name &amp#27;[0m&amp#27;[32m&amp#27;[1mStrugure&amp#27;[0m                                          &amp#27;[90m# starter.stepdefinitions.PlaceAnOrderStepDefinitions.iEnterTheName(java.lang.String)&amp#27;[0m
  &amp#27;[32mAnd &amp#27;[0m&amp#27;[32mI enter the Country &amp#27;[0m&amp#27;[32m&amp#27;[1mPodgorie&amp#27;[0m                                       &amp#27;[90m# starter.stepdefinitions.PlaceAnOrderStepDefinitions.iEnterTheCountry(java.lang.String)&amp#27;[0m
  &amp#27;[32mAnd &amp#27;[0m&amp#27;[32mI enter the City &amp#27;[0m&amp#27;[32m&amp#27;[1mVie&amp#27;[0m                                               &amp#27;[90m# starter.stepdefinitions.PlaceAnOrderStepDefinitions.iEnterTheCity(java.lang.String)&amp#27;[0m
  &amp#27;[32mAnd &amp#27;[0m&amp#27;[32mI enter the Credit Card &amp#27;[0m&amp#27;[32m&amp#27;[1m1234.5678.9012.3456&amp#27;[0m                        &amp#27;[90m# starter.stepdefinitions.PlaceAnOrderStepDefinitions.iEnterTheCreditCard(java.lang.String)&amp#27;[0m
  &amp#27;[32mAnd &amp#27;[0m&amp#27;[32mI enter the Month &amp#27;[0m&amp#27;[32m&amp#27;[1m12&amp#27;[0m                                               &amp#27;[90m# starter.stepdefinitions.PlaceAnOrderStepDefinitions.iEnterTheMonth(java.lang.String)&amp#27;[0m
  &amp#27;[32mAnd &amp#27;[0m&amp#27;[32mI enter the Year &amp#27;[0m&amp#27;[32m&amp#27;[1m&amp#27;[0m                                                  &amp#27;[90m# starter.stepdefinitions.PlaceAnOrderStepDefinitions.iEnterTheYear(java.lang.String)&amp#27;[0m
  &amp#27;[32mAnd &amp#27;[0m&amp#27;[32mI click Purchase button&amp#27;[0m                                            &amp#27;[90m# starter.stepdefinitions.PlaceAnOrderStepDefinitions.iClickPurchaseButton()&amp#27;[0m
  &amp#27;[32mThen &amp#27;[0m&amp#27;[32mI should see the &amp#27;[0m&amp#27;[32m&amp#27;[1m"Thank you for your purchase!"&amp#27;[0m&amp#27;[32m thank you message&amp#27;[0m &amp#27;[90m# starter.stepdefinitions.PlaceAnOrderStepDefinitions.iShouldSeeTheThankYouMessage(java.lang.String)&amp#27;[0m
  &amp#27;[32mAnd &amp#27;[0m&amp#27;[32mI click Ok button&amp#27;[0m                                                  &amp#27;[90m# starter.stepdefinitions.PlaceAnOrderStepDefinitions.iClickOkButton()&amp#27;[0m
  &amp#27;[32mAnd &amp#27;[0m&amp#27;[32mI click the Log out button&amp#27;[0m                                         &amp#27;[90m# starter.stepdefinitions.LogoutStepDefinitions.iClickTheLogOutButton()&amp#27;[0m
]]></system-out>
  </testcase>
  <testcase name="Example #1.2" classname="Examples" time="21.527">
    <system-out><![CDATA[
@placeAnOrderNonValidCredentials
Scenario Outline: Place an Order Non Valid Credentials                 &amp#27;[90m# features/login/PlaceAnOrderNonValidCredentials.feature:26&amp#27;[0m
19:43:53.501 [main] INFO  n.s.c.w.d.ChromeDriverProvider - Starting Chrome driver instance with capabilities:
19:43:53.501 [main] INFO  n.s.c.w.d.ChromeDriverProvider - Capabilities {acceptInsecureCerts: true, browserName: chrome, goog:chromeOptions: {args: [test-type, no-sandbox, ignore-certificate-errors, --window-size=1000,800, incognito, disable-infobars, disable-gpu, disable-default-apps, disable-popup-blocking, disable-dev-shm-usage, disable-extensions, disable-web-security, disable-translate, disable-logging, test-type, no-sandbox, ignore-certificate-errors, --window-size=1000,800, incognito, disable-infobars, disable-gpu, disable-default-apps, disable-popup-blocking, disable-dev-shm-usage, disable-extensions, disable-web-security, disable-translate, disable-logging, remote-allow-origins=*], extensions: []}}
  &amp#27;[32mGiven &amp#27;[0m&amp#27;[32mI am on the Home Page&amp#27;[0m                                          &amp#27;[90m# starter.stepdefinitions.NonValidCredentialsLoginStepsDefinitions.iAmOnTheHomePage()&amp#27;[0m
  &amp#27;[32mWhen &amp#27;[0m&amp#27;[32mI click the Login button&amp#27;[0m                                        &amp#27;[90m# starter.stepdefinitions.NonValidCredentialsLoginStepsDefinitions.iClickTheLoginButton()&amp#27;[0m
  &amp#27;[32mAnd &amp#27;[0m&amp#27;[32mI enter the username &amp#27;[0m&amp#27;[32m&amp#27;[1m"strugure"&amp#27;[0m                                  &amp#27;[90m# starter.stepdefinitions.NonValidCredentialsLoginStepsDefinitions.iEnterTheUsername(java.lang.String)&amp#27;[0m
  &amp#27;[32mAnd &amp#27;[0m&amp#27;[32mI enter the password &amp#27;[0m&amp#27;[32m&amp#27;[1m"strugure"&amp#27;[0m                                  &amp#27;[90m# starter.stepdefinitions.NonValidCredentialsLoginStepsDefinitions.iEnterThePassword(java.lang.String)&amp#27;[0m
  &amp#27;[32mAnd &amp#27;[0m&amp#27;[32mI click the Log in button&amp#27;[0m                                        &amp#27;[90m# starter.stepdefinitions.NonValidCredentialsLoginStepsDefinitions.iClickTheLogInButton()&amp#27;[0m
  &amp#27;[32mAnd &amp#27;[0m&amp#27;[32mI click the Cart button&amp#27;[0m                                          &amp#27;[90m# starter.stepdefinitions.PlaceAnOrderStepDefinitions.iClickTheCartButton()&amp#27;[0m
  &amp#27;[32mAnd &amp#27;[0m&amp#27;[32mI click the Place Order button&amp#27;[0m                                   &amp#27;[90m# starter.stepdefinitions.PlaceAnOrderStepDefinitions.iClickThePlaceOrderButton()&amp#27;[0m
  &amp#27;[32mAnd &amp#27;[0m&amp#27;[32mI enter the Name &amp#27;[0m&amp#27;[32m&amp#27;[1mStrugure&amp#27;[0m                                        &amp#27;[90m# starter.stepdefinitions.PlaceAnOrderStepDefinitions.iEnterTheName(java.lang.String)&amp#27;[0m
  &amp#27;[32mAnd &amp#27;[0m&amp#27;[32mI enter the Country &amp#27;[0m&amp#27;[32m&amp#27;[1m&amp#27;[0m                                             &amp#27;[90m# starter.stepdefinitions.PlaceAnOrderStepDefinitions.iEnterTheCountry(java.lang.String)&amp#27;[0m
  &amp#27;[32mAnd &amp#27;[0m&amp#27;[32mI enter the City &amp#27;[0m&amp#27;[32m&amp#27;[1m&amp#27;[0m                                                &amp#27;[90m# starter.stepdefinitions.PlaceAnOrderStepDefinitions.iEnterTheCity(java.lang.String)&amp#27;[0m
  &amp#27;[32mAnd &amp#27;[0m&amp#27;[32mI enter the Credit Card &amp#27;[0m&amp#27;[32m&amp#27;[1m&amp#27;[0m                                         &amp#27;[90m# starter.stepdefinitions.PlaceAnOrderStepDefinitions.iEnterTheCreditCard(java.lang.String)&amp#27;[0m
  &amp#27;[32mAnd &amp#27;[0m&amp#27;[32mI enter the Month &amp#27;[0m&amp#27;[32m&amp#27;[1m&amp#27;[0m                                               &amp#27;[90m# starter.stepdefinitions.PlaceAnOrderStepDefinitions.iEnterTheMonth(java.lang.String)&amp#27;[0m
  &amp#27;[32mAnd &amp#27;[0m&amp#27;[32mI enter the Year &amp#27;[0m&amp#27;[32m&amp#27;[1m&amp#27;[0m                                                &amp#27;[90m# starter.stepdefinitions.PlaceAnOrderStepDefinitions.iEnterTheYear(java.lang.String)&amp#27;[0m
  &amp#27;[32mAnd &amp#27;[0m&amp#27;[32mI click Purchase button&amp#27;[0m                                          &amp#27;[90m# starter.stepdefinitions.PlaceAnOrderStepDefinitions.iClickPurchaseButton()&amp#27;[0m
  &amp#27;[32mThen &amp#27;[0m&amp#27;[32mI should see the &amp#27;[0m&amp#27;[32m&amp#27;[1m"Please fill out Name and Creditcard."&amp#27;[0m&amp#27;[32m message&amp#27;[0m &amp#27;[90m# starter.stepdefinitions.AddProductsToCartStepDefinitions.iShouldSeeTheMessage(java.lang.String)&amp#27;[0m
  &amp#27;[32mAnd &amp#27;[0m&amp#27;[32mI accept the alert&amp#27;[0m                                               &amp#27;[90m# starter.stepdefinitions.PlaceAnOrderNonValidCredentialsStepDefinitions.iAcceptTheAlert()&amp#27;[0m
  &amp#27;[32mAnd &amp#27;[0m&amp#27;[32mI close the form&amp#27;[0m                                                 &amp#27;[90m# starter.stepdefinitions.PlaceAnOrderNonValidCredentialsStepDefinitions.iCloseTheForm()&amp#27;[0m
  &amp#27;[32mAnd &amp#27;[0m&amp#27;[32mI click the Log out button&amp#27;[0m                                       &amp#27;[90m# starter.stepdefinitions.LogoutStepDefinitions.iClickTheLogOutButton()&amp#27;[0m
]]></system-out>
  </testcase>
  <testcase name="Example #1.3" classname="Examples" time="8.284">
    <system-out><![CDATA[
@nonValidLogin
Scenario Outline: Login with bad credentials                             &amp#27;[90m# features/login/NonValidCredentialsLogin.feature:16&amp#27;[0m
19:41:18.638 [main] INFO  n.s.c.w.d.ChromeDriverProvider - Starting Chrome driver instance with capabilities:
19:41:18.638 [main] INFO  n.s.c.w.d.ChromeDriverProvider - Capabilities {acceptInsecureCerts: true, browserName: chrome, goog:chromeOptions: {args: [test-type, no-sandbox, ignore-certificate-errors, --window-size=1000,800, incognito, disable-infobars, disable-gpu, disable-default-apps, disable-popup-blocking, disable-dev-shm-usage, disable-extensions, disable-web-security, disable-translate, disable-logging, test-type, no-sandbox, ignore-certificate-errors, --window-size=1000,800, incognito, disable-infobars, disable-gpu, disable-default-apps, disable-popup-blocking, disable-dev-shm-usage, disable-extensions, disable-web-security, disable-translate, disable-logging, remote-allow-origins=*], extensions: []}}
  &amp#27;[32mGiven &amp#27;[0m&amp#27;[32mI am on the Home Page&amp#27;[0m                                            &amp#27;[90m# starter.stepdefinitions.NonValidCredentialsLoginStepsDefinitions.iAmOnTheHomePage()&amp#27;[0m
  &amp#27;[32mWhen &amp#27;[0m&amp#27;[32mI click the Login button&amp#27;[0m                                          &amp#27;[90m# starter.stepdefinitions.NonValidCredentialsLoginStepsDefinitions.iClickTheLoginButton()&amp#27;[0m
  &amp#27;[32mAnd &amp#27;[0m&amp#27;[32mI enter the username &amp#27;[0m&amp#27;[32m&amp#27;[1m"strugure"&amp#27;[0m                                    &amp#27;[90m# starter.stepdefinitions.NonValidCredentialsLoginStepsDefinitions.iEnterTheUsername(java.lang.String)&amp#27;[0m
  &amp#27;[32mAnd &amp#27;[0m&amp#27;[32mI enter the password &amp#27;[0m&amp#27;[32m&amp#27;[1m""&amp#27;[0m                                            &amp#27;[90m# starter.stepdefinitions.NonValidCredentialsLoginStepsDefinitions.iEnterThePassword(java.lang.String)&amp#27;[0m
  &amp#27;[32mAnd &amp#27;[0m&amp#27;[32mI click the Log in button&amp#27;[0m                                          &amp#27;[90m# starter.stepdefinitions.NonValidCredentialsLoginStepsDefinitions.iClickTheLogInButton()&amp#27;[0m
  &amp#27;[32mThen &amp#27;[0m&amp#27;[32mI should see the &amp#27;[0m&amp#27;[32m&amp#27;[1m"Please fill out Username and Password."&amp#27;[0m&amp#27;[32m message&amp#27;[0m &amp#27;[90m# starter.stepdefinitions.AddProductsToCartStepDefinitions.iShouldSeeTheMessage(java.lang.String)&amp#27;[0m
  &amp#27;[32mAnd &amp#27;[0m&amp#27;[32mI accept the alert&amp#27;[0m                                                 &amp#27;[90m# starter.stepdefinitions.PlaceAnOrderNonValidCredentialsStepDefinitions.iAcceptTheAlert()&amp#27;[0m
]]></system-out>
  </testcase>
  <testcase name="Example #1.3" classname="Examples" time="21.814">
    <system-out><![CDATA[
@placeAnOrder
Scenario Outline: Place an Order                                         &amp#27;[90m# features/login/PlaceAnOrder.feature:26&amp#27;[0m
19:42:27.084 [main] INFO  n.s.c.w.d.ChromeDriverProvider - Starting Chrome driver instance with capabilities:
19:42:27.084 [main] INFO  n.s.c.w.d.ChromeDriverProvider - Capabilities {acceptInsecureCerts: true, browserName: chrome, goog:chromeOptions: {args: [test-type, no-sandbox, ignore-certificate-errors, --window-size=1000,800, incognito, disable-infobars, disable-gpu, disable-default-apps, disable-popup-blocking, disable-dev-shm-usage, disable-extensions, disable-web-security, disable-translate, disable-logging, test-type, no-sandbox, ignore-certificate-errors, --window-size=1000,800, incognito, disable-infobars, disable-gpu, disable-default-apps, disable-popup-blocking, disable-dev-shm-usage, disable-extensions, disable-web-security, disable-translate, disable-logging, remote-allow-origins=*], extensions: []}}
  &amp#27;[32mGiven &amp#27;[0m&amp#27;[32mI am on the Home Page&amp#27;[0m                                            &amp#27;[90m# starter.stepdefinitions.NonValidCredentialsLoginStepsDefinitions.iAmOnTheHomePage()&amp#27;[0m
  &amp#27;[32mWhen &amp#27;[0m&amp#27;[32mI click the Login button&amp#27;[0m                                          &amp#27;[90m# starter.stepdefinitions.NonValidCredentialsLoginStepsDefinitions.iClickTheLoginButton()&amp#27;[0m
  &amp#27;[32mAnd &amp#27;[0m&amp#27;[32mI enter the username &amp#27;[0m&amp#27;[32m&amp#27;[1m"strugure"&amp#27;[0m                                    &amp#27;[90m# starter.stepdefinitions.NonValidCredentialsLoginStepsDefinitions.iEnterTheUsername(java.lang.String)&amp#27;[0m
  &amp#27;[32mAnd &amp#27;[0m&amp#27;[32mI enter the password &amp#27;[0m&amp#27;[32m&amp#27;[1m"strugure"&amp#27;[0m                                    &amp#27;[90m# starter.stepdefinitions.NonValidCredentialsLoginStepsDefinitions.iEnterThePassword(java.lang.String)&amp#27;[0m
  &amp#27;[32mAnd &amp#27;[0m&amp#27;[32mI click the Log in button&amp#27;[0m                                          &amp#27;[90m# starter.stepdefinitions.NonValidCredentialsLoginStepsDefinitions.iClickTheLogInButton()&amp#27;[0m
  &amp#27;[32mAnd &amp#27;[0m&amp#27;[32mI click the Cart button&amp#27;[0m                                            &amp#27;[90m# starter.stepdefinitions.PlaceAnOrderStepDefinitions.iClickTheCartButton()&amp#27;[0m
  &amp#27;[32mAnd &amp#27;[0m&amp#27;[32mI click the Place Order button&amp#27;[0m                                     &amp#27;[90m# starter.stepdefinitions.PlaceAnOrderStepDefinitions.iClickThePlaceOrderButton()&amp#27;[0m
  &amp#27;[32mAnd &amp#27;[0m&amp#27;[32mI enter the Name &amp#27;[0m&amp#27;[32m&amp#27;[1mStrugure&amp#27;[0m                                          &amp#27;[90m# starter.stepdefinitions.PlaceAnOrderStepDefinitions.iEnterTheName(java.lang.String)&amp#27;[0m
  &amp#27;[32mAnd &amp#27;[0m&amp#27;[32mI enter the Country &amp#27;[0m&amp#27;[32m&amp#27;[1mPodgorie&amp#27;[0m                                       &amp#27;[90m# starter.stepdefinitions.PlaceAnOrderStepDefinitions.iEnterTheCountry(java.lang.String)&amp#27;[0m
  &amp#27;[32mAnd &amp#27;[0m&amp#27;[32mI enter the City &amp#27;[0m&amp#27;[32m&amp#27;[1mVie&amp#27;[0m                                               &amp#27;[90m# starter.stepdefinitions.PlaceAnOrderStepDefinitions.iEnterTheCity(java.lang.String)&amp#27;[0m
  &amp#27;[32mAnd &amp#27;[0m&amp#27;[32mI enter the Credit Card &amp#27;[0m&amp#27;[32m&amp#27;[1m1234.5678.9012.3456&amp#27;[0m                        &amp#27;[90m# starter.stepdefinitions.PlaceAnOrderStepDefinitions.iEnterTheCreditCard(java.lang.String)&amp#27;[0m
  &amp#27;[32mAnd &amp#27;[0m&amp#27;[32mI enter the Month &amp#27;[0m&amp#27;[32m&amp#27;[1m&amp#27;[0m                                                 &amp#27;[90m# starter.stepdefinitions.PlaceAnOrderStepDefinitions.iEnterTheMonth(java.lang.String)&amp#27;[0m
  &amp#27;[32mAnd &amp#27;[0m&amp#27;[32mI enter the Year &amp#27;[0m&amp#27;[32m&amp#27;[1m&amp#27;[0m                                                  &amp#27;[90m# starter.stepdefinitions.PlaceAnOrderStepDefinitions.iEnterTheYear(java.lang.String)&amp#27;[0m
  &amp#27;[32mAnd &amp#27;[0m&amp#27;[32mI click Purchase button&amp#27;[0m                                            &amp#27;[90m# starter.stepdefinitions.PlaceAnOrderStepDefinitions.iClickPurchaseButton()&amp#27;[0m
  &amp#27;[32mThen &amp#27;[0m&amp#27;[32mI should see the &amp#27;[0m&amp#27;[32m&amp#27;[1m"Thank you for your purchase!"&amp#27;[0m&amp#27;[32m thank you message&amp#27;[0m &amp#27;[90m# starter.stepdefinitions.PlaceAnOrderStepDefinitions.iShouldSeeTheThankYouMessage(java.lang.String)&amp#27;[0m
  &amp#27;[32mAnd &amp#27;[0m&amp#27;[32mI click Ok button&amp#27;[0m                                                  &amp#27;[90m# starter.stepdefinitions.PlaceAnOrderStepDefinitions.iClickOkButton()&amp#27;[0m
  &amp#27;[32mAnd &amp#27;[0m&amp#27;[32mI click the Log out button&amp#27;[0m                                         &amp#27;[90m# starter.stepdefinitions.LogoutStepDefinitions.iClickTheLogOutButton()&amp#27;[0m
]]></system-out>
  </testcase>
  <testcase name="Example #1.4" classname="Examples" time="8.255">
    <system-out><![CDATA[
@nonValidLogin
Scenario Outline: Login with bad credentials                             &amp#27;[90m# features/login/NonValidCredentialsLogin.feature:17&amp#27;[0m
19:41:26.920 [main] INFO  n.s.c.w.d.ChromeDriverProvider - Starting Chrome driver instance with capabilities:
19:41:26.921 [main] INFO  n.s.c.w.d.ChromeDriverProvider - Capabilities {acceptInsecureCerts: true, browserName: chrome, goog:chromeOptions: {args: [test-type, no-sandbox, ignore-certificate-errors, --window-size=1000,800, incognito, disable-infobars, disable-gpu, disable-default-apps, disable-popup-blocking, disable-dev-shm-usage, disable-extensions, disable-web-security, disable-translate, disable-logging, test-type, no-sandbox, ignore-certificate-errors, --window-size=1000,800, incognito, disable-infobars, disable-gpu, disable-default-apps, disable-popup-blocking, disable-dev-shm-usage, disable-extensions, disable-web-security, disable-translate, disable-logging, remote-allow-origins=*], extensions: []}}
  &amp#27;[32mGiven &amp#27;[0m&amp#27;[32mI am on the Home Page&amp#27;[0m                                            &amp#27;[90m# starter.stepdefinitions.NonValidCredentialsLoginStepsDefinitions.iAmOnTheHomePage()&amp#27;[0m
  &amp#27;[32mWhen &amp#27;[0m&amp#27;[32mI click the Login button&amp#27;[0m                                          &amp#27;[90m# starter.stepdefinitions.NonValidCredentialsLoginStepsDefinitions.iClickTheLoginButton()&amp#27;[0m
  &amp#27;[32mAnd &amp#27;[0m&amp#27;[32mI enter the username &amp#27;[0m&amp#27;[32m&amp#27;[1m""&amp#27;[0m                                            &amp#27;[90m# starter.stepdefinitions.NonValidCredentialsLoginStepsDefinitions.iEnterTheUsername(java.lang.String)&amp#27;[0m
  &amp#27;[32mAnd &amp#27;[0m&amp#27;[32mI enter the password &amp#27;[0m&amp#27;[32m&amp#27;[1m"strugure"&amp#27;[0m                                    &amp#27;[90m# starter.stepdefinitions.NonValidCredentialsLoginStepsDefinitions.iEnterThePassword(java.lang.String)&amp#27;[0m
  &amp#27;[32mAnd &amp#27;[0m&amp#27;[32mI click the Log in button&amp#27;[0m                                          &amp#27;[90m# starter.stepdefinitions.NonValidCredentialsLoginStepsDefinitions.iClickTheLogInButton()&amp#27;[0m
  &amp#27;[32mThen &amp#27;[0m&amp#27;[32mI should see the &amp#27;[0m&amp#27;[32m&amp#27;[1m"Please fill out Username and Password."&amp#27;[0m&amp#27;[32m message&amp#27;[0m &amp#27;[90m# starter.stepdefinitions.AddProductsToCartStepDefinitions.iShouldSeeTheMessage(java.lang.String)&amp#27;[0m
  &amp#27;[32mAnd &amp#27;[0m&amp#27;[32mI accept the alert&amp#27;[0m                                                 &amp#27;[90m# starter.stepdefinitions.PlaceAnOrderNonValidCredentialsStepDefinitions.iAcceptTheAlert()&amp#27;[0m
]]></system-out>
  </testcase>
  <testcase name="Example #1.4" classname="Examples" time="21.513">
    <system-out><![CDATA[
@placeAnOrder
Scenario Outline: Place an Order                                         &amp#27;[90m# features/login/PlaceAnOrder.feature:27&amp#27;[0m
19:42:48.900 [main] INFO  n.s.c.w.d.ChromeDriverProvider - Starting Chrome driver instance with capabilities:
19:42:48.900 [main] INFO  n.s.c.w.d.ChromeDriverProvider - Capabilities {acceptInsecureCerts: true, browserName: chrome, goog:chromeOptions: {args: [test-type, no-sandbox, ignore-certificate-errors, --window-size=1000,800, incognito, disable-infobars, disable-gpu, disable-default-apps, disable-popup-blocking, disable-dev-shm-usage, disable-extensions, disable-web-security, disable-translate, disable-logging, test-type, no-sandbox, ignore-certificate-errors, --window-size=1000,800, incognito, disable-infobars, disable-gpu, disable-default-apps, disable-popup-blocking, disable-dev-shm-usage, disable-extensions, disable-web-security, disable-translate, disable-logging, remote-allow-origins=*], extensions: []}}
  &amp#27;[32mGiven &amp#27;[0m&amp#27;[32mI am on the Home Page&amp#27;[0m                                            &amp#27;[90m# starter.stepdefinitions.NonValidCredentialsLoginStepsDefinitions.iAmOnTheHomePage()&amp#27;[0m
  &amp#27;[32mWhen &amp#27;[0m&amp#27;[32mI click the Login button&amp#27;[0m                                          &amp#27;[90m# starter.stepdefinitions.NonValidCredentialsLoginStepsDefinitions.iClickTheLoginButton()&amp#27;[0m
  &amp#27;[32mAnd &amp#27;[0m&amp#27;[32mI enter the username &amp#27;[0m&amp#27;[32m&amp#27;[1m"strugure"&amp#27;[0m                                    &amp#27;[90m# starter.stepdefinitions.NonValidCredentialsLoginStepsDefinitions.iEnterTheUsername(java.lang.String)&amp#27;[0m
  &amp#27;[32mAnd &amp#27;[0m&amp#27;[32mI enter the password &amp#27;[0m&amp#27;[32m&amp#27;[1m"strugure"&amp#27;[0m                                    &amp#27;[90m# starter.stepdefinitions.NonValidCredentialsLoginStepsDefinitions.iEnterThePassword(java.lang.String)&amp#27;[0m
  &amp#27;[32mAnd &amp#27;[0m&amp#27;[32mI click the Log in button&amp#27;[0m                                          &amp#27;[90m# starter.stepdefinitions.NonValidCredentialsLoginStepsDefinitions.iClickTheLogInButton()&amp#27;[0m
  &amp#27;[32mAnd &amp#27;[0m&amp#27;[32mI click the Cart button&amp#27;[0m                                            &amp#27;[90m# starter.stepdefinitions.PlaceAnOrderStepDefinitions.iClickTheCartButton()&amp#27;[0m
  &amp#27;[32mAnd &amp#27;[0m&amp#27;[32mI click the Place Order button&amp#27;[0m                                     &amp#27;[90m# starter.stepdefinitions.PlaceAnOrderStepDefinitions.iClickThePlaceOrderButton()&amp#27;[0m
  &amp#27;[32mAnd &amp#27;[0m&amp#27;[32mI enter the Name &amp#27;[0m&amp#27;[32m&amp#27;[1mStrugure&amp#27;[0m                                          &amp#27;[90m# starter.stepdefinitions.PlaceAnOrderStepDefinitions.iEnterTheName(java.lang.String)&amp#27;[0m
  &amp#27;[32mAnd &amp#27;[0m&amp#27;[32mI enter the Country &amp#27;[0m&amp#27;[32m&amp#27;[1mPodgorie&amp#27;[0m                                       &amp#27;[90m# starter.stepdefinitions.PlaceAnOrderStepDefinitions.iEnterTheCountry(java.lang.String)&amp#27;[0m
  &amp#27;[32mAnd &amp#27;[0m&amp#27;[32mI enter the City &amp#27;[0m&amp#27;[32m&amp#27;[1m&amp#27;[0m                                                  &amp#27;[90m# starter.stepdefinitions.PlaceAnOrderStepDefinitions.iEnterTheCity(java.lang.String)&amp#27;[0m
  &amp#27;[32mAnd &amp#27;[0m&amp#27;[32mI enter the Credit Card &amp#27;[0m&amp#27;[32m&amp#27;[1m1234.5678.9012.3456&amp#27;[0m                        &amp#27;[90m# starter.stepdefinitions.PlaceAnOrderStepDefinitions.iEnterTheCreditCard(java.lang.String)&amp#27;[0m
  &amp#27;[32mAnd &amp#27;[0m&amp#27;[32mI enter the Month &amp#27;[0m&amp#27;[32m&amp#27;[1m&amp#27;[0m                                                 &amp#27;[90m# starter.stepdefinitions.PlaceAnOrderStepDefinitions.iEnterTheMonth(java.lang.String)&amp#27;[0m
  &amp#27;[32mAnd &amp#27;[0m&amp#27;[32mI enter the Year &amp#27;[0m&amp#27;[32m&amp#27;[1m&amp#27;[0m                                                  &amp#27;[90m# starter.stepdefinitions.PlaceAnOrderStepDefinitions.iEnterTheYear(java.lang.String)&amp#27;[0m
  &amp#27;[32mAnd &amp#27;[0m&amp#27;[32mI click Purchase button&amp#27;[0m                                            &amp#27;[90m# starter.stepdefinitions.PlaceAnOrderStepDefinitions.iClickPurchaseButton()&amp#27;[0m
  &amp#27;[32mThen &amp#27;[0m&amp#27;[32mI should see the &amp#27;[0m&amp#27;[32m&amp#27;[1m"Thank you for your purchase!"&amp#27;[0m&amp#27;[32m thank you message&amp#27;[0m &amp#27;[90m# starter.stepdefinitions.PlaceAnOrderStepDefinitions.iShouldSeeTheThankYouMessage(java.lang.String)&amp#27;[0m
  &amp#27;[32mAnd &amp#27;[0m&amp#27;[32mI click Ok button&amp#27;[0m                                                  &amp#27;[90m# starter.stepdefinitions.PlaceAnOrderStepDefinitions.iClickOkButton()&amp#27;[0m
  &amp#27;[32mAnd &amp#27;[0m&amp#27;[32mI click the Log out button&amp#27;[0m                                         &amp#27;[90m# starter.stepdefinitions.LogoutStepDefinitions.iClickTheLogOutButton()&amp#27;[0m
]]></system-out>
  </testcase>
  <testcase name="Example #1.5" classname="Examples" time="8.189">
    <system-out><![CDATA[
@nonValidLogin
Scenario Outline: Login with bad credentials                             &amp#27;[90m# features/login/NonValidCredentialsLogin.feature:18&amp#27;[0m
19:41:35.176 [main] INFO  n.s.c.w.d.ChromeDriverProvider - Starting Chrome driver instance with capabilities:
19:41:35.176 [main] INFO  n.s.c.w.d.ChromeDriverProvider - Capabilities {acceptInsecureCerts: true, browserName: chrome, goog:chromeOptions: {args: [test-type, no-sandbox, ignore-certificate-errors, --window-size=1000,800, incognito, disable-infobars, disable-gpu, disable-default-apps, disable-popup-blocking, disable-dev-shm-usage, disable-extensions, disable-web-security, disable-translate, disable-logging, test-type, no-sandbox, ignore-certificate-errors, --window-size=1000,800, incognito, disable-infobars, disable-gpu, disable-default-apps, disable-popup-blocking, disable-dev-shm-usage, disable-extensions, disable-web-security, disable-translate, disable-logging, remote-allow-origins=*], extensions: []}}
  &amp#27;[32mGiven &amp#27;[0m&amp#27;[32mI am on the Home Page&amp#27;[0m                                            &amp#27;[90m# starter.stepdefinitions.NonValidCredentialsLoginStepsDefinitions.iAmOnTheHomePage()&amp#27;[0m
  &amp#27;[32mWhen &amp#27;[0m&amp#27;[32mI click the Login button&amp#27;[0m                                          &amp#27;[90m# starter.stepdefinitions.NonValidCredentialsLoginStepsDefinitions.iClickTheLoginButton()&amp#27;[0m
  &amp#27;[32mAnd &amp#27;[0m&amp#27;[32mI enter the username &amp#27;[0m&amp#27;[32m&amp#27;[1m""&amp#27;[0m                                            &amp#27;[90m# starter.stepdefinitions.NonValidCredentialsLoginStepsDefinitions.iEnterTheUsername(java.lang.String)&amp#27;[0m
  &amp#27;[32mAnd &amp#27;[0m&amp#27;[32mI enter the password &amp#27;[0m&amp#27;[32m&amp#27;[1m""&amp#27;[0m                                            &amp#27;[90m# starter.stepdefinitions.NonValidCredentialsLoginStepsDefinitions.iEnterThePassword(java.lang.String)&amp#27;[0m
  &amp#27;[32mAnd &amp#27;[0m&amp#27;[32mI click the Log in button&amp#27;[0m                                          &amp#27;[90m# starter.stepdefinitions.NonValidCredentialsLoginStepsDefinitions.iClickTheLogInButton()&amp#27;[0m
  &amp#27;[32mThen &amp#27;[0m&amp#27;[32mI should see the &amp#27;[0m&amp#27;[32m&amp#27;[1m"Please fill out Username and Password."&amp#27;[0m&amp#27;[32m message&amp#27;[0m &amp#27;[90m# starter.stepdefinitions.AddProductsToCartStepDefinitions.iShouldSeeTheMessage(java.lang.String)&amp#27;[0m
  &amp#27;[32mAnd &amp#27;[0m&amp#27;[32mI accept the alert&amp#27;[0m                                                 &amp#27;[90m# starter.stepdefinitions.PlaceAnOrderNonValidCredentialsStepDefinitions.iAcceptTheAlert()&amp#27;[0m
]]></system-out>
  </testcase>
  <testcase name="Example #1.5" classname="Examples" time="21.588">
    <system-out><![CDATA[
@placeAnOrder
Scenario Outline: Place an Order                                         &amp#27;[90m# features/login/PlaceAnOrder.feature:28&amp#27;[0m
19:43:10.412 [main] INFO  n.s.c.w.d.ChromeDriverProvider - Starting Chrome driver instance with capabilities:
19:43:10.413 [main] INFO  n.s.c.w.d.ChromeDriverProvider - Capabilities {acceptInsecureCerts: true, browserName: chrome, goog:chromeOptions: {args: [test-type, no-sandbox, ignore-certificate-errors, --window-size=1000,800, incognito, disable-infobars, disable-gpu, disable-default-apps, disable-popup-blocking, disable-dev-shm-usage, disable-extensions, disable-web-security, disable-translate, disable-logging, test-type, no-sandbox, ignore-certificate-errors, --window-size=1000,800, incognito, disable-infobars, disable-gpu, disable-default-apps, disable-popup-blocking, disable-dev-shm-usage, disable-extensions, disable-web-security, disable-translate, disable-logging, remote-allow-origins=*], extensions: []}}
  &amp#27;[32mGiven &amp#27;[0m&amp#27;[32mI am on the Home Page&amp#27;[0m                                            &amp#27;[90m# starter.stepdefinitions.NonValidCredentialsLoginStepsDefinitions.iAmOnTheHomePage()&amp#27;[0m
  &amp#27;[32mWhen &amp#27;[0m&amp#27;[32mI click the Login button&amp#27;[0m                                          &amp#27;[90m# starter.stepdefinitions.NonValidCredentialsLoginStepsDefinitions.iClickTheLoginButton()&amp#27;[0m
  &amp#27;[32mAnd &amp#27;[0m&amp#27;[32mI enter the username &amp#27;[0m&amp#27;[32m&amp#27;[1m"strugure"&amp#27;[0m                                    &amp#27;[90m# starter.stepdefinitions.NonValidCredentialsLoginStepsDefinitions.iEnterTheUsername(java.lang.String)&amp#27;[0m
  &amp#27;[32mAnd &amp#27;[0m&amp#27;[32mI enter the password &amp#27;[0m&amp#27;[32m&amp#27;[1m"strugure"&amp#27;[0m                                    &amp#27;[90m# starter.stepdefinitions.NonValidCredentialsLoginStepsDefinitions.iEnterThePassword(java.lang.String)&amp#27;[0m
  &amp#27;[32mAnd &amp#27;[0m&amp#27;[32mI click the Log in button&amp#27;[0m                                          &amp#27;[90m# starter.stepdefinitions.NonValidCredentialsLoginStepsDefinitions.iClickTheLogInButton()&amp#27;[0m
  &amp#27;[32mAnd &amp#27;[0m&amp#27;[32mI click the Cart button&amp#27;[0m                                            &amp#27;[90m# starter.stepdefinitions.PlaceAnOrderStepDefinitions.iClickTheCartButton()&amp#27;[0m
  &amp#27;[32mAnd &amp#27;[0m&amp#27;[32mI click the Place Order button&amp#27;[0m                                     &amp#27;[90m# starter.stepdefinitions.PlaceAnOrderStepDefinitions.iClickThePlaceOrderButton()&amp#27;[0m
  &amp#27;[32mAnd &amp#27;[0m&amp#27;[32mI enter the Name &amp#27;[0m&amp#27;[32m&amp#27;[1mStrugure&amp#27;[0m                                          &amp#27;[90m# starter.stepdefinitions.PlaceAnOrderStepDefinitions.iEnterTheName(java.lang.String)&amp#27;[0m
  &amp#27;[32mAnd &amp#27;[0m&amp#27;[32mI enter the Country &amp#27;[0m&amp#27;[32m&amp#27;[1m&amp#27;[0m                                               &amp#27;[90m# starter.stepdefinitions.PlaceAnOrderStepDefinitions.iEnterTheCountry(java.lang.String)&amp#27;[0m
  &amp#27;[32mAnd &amp#27;[0m&amp#27;[32mI enter the City &amp#27;[0m&amp#27;[32m&amp#27;[1m&amp#27;[0m                                                  &amp#27;[90m# starter.stepdefinitions.PlaceAnOrderStepDefinitions.iEnterTheCity(java.lang.String)&amp#27;[0m
  &amp#27;[32mAnd &amp#27;[0m&amp#27;[32mI enter the Credit Card &amp#27;[0m&amp#27;[32m&amp#27;[1m1234.5678.9012.3456&amp#27;[0m                        &amp#27;[90m# starter.stepdefinitions.PlaceAnOrderStepDefinitions.iEnterTheCreditCard(java.lang.String)&amp#27;[0m
  &amp#27;[32mAnd &amp#27;[0m&amp#27;[32mI enter the Month &amp#27;[0m&amp#27;[32m&amp#27;[1m&amp#27;[0m                                                 &amp#27;[90m# starter.stepdefinitions.PlaceAnOrderStepDefinitions.iEnterTheMonth(java.lang.String)&amp#27;[0m
  &amp#27;[32mAnd &amp#27;[0m&amp#27;[32mI enter the Year &amp#27;[0m&amp#27;[32m&amp#27;[1m&amp#27;[0m                                                  &amp#27;[90m# starter.stepdefinitions.PlaceAnOrderStepDefinitions.iEnterTheYear(java.lang.String)&amp#27;[0m
  &amp#27;[32mAnd &amp#27;[0m&amp#27;[32mI click Purchase button&amp#27;[0m                                            &amp#27;[90m# starter.stepdefinitions.PlaceAnOrderStepDefinitions.iClickPurchaseButton()&amp#27;[0m
  &amp#27;[32mThen &amp#27;[0m&amp#27;[32mI should see the &amp#27;[0m&amp#27;[32m&amp#27;[1m"Thank you for your purchase!"&amp#27;[0m&amp#27;[32m thank you message&amp#27;[0m &amp#27;[90m# starter.stepdefinitions.PlaceAnOrderStepDefinitions.iShouldSeeTheThankYouMessage(java.lang.String)&amp#27;[0m
  &amp#27;[32mAnd &amp#27;[0m&amp#27;[32mI click Ok button&amp#27;[0m                                                  &amp#27;[90m# starter.stepdefinitions.PlaceAnOrderStepDefinitions.iClickOkButton()&amp#27;[0m
  &amp#27;[32mAnd &amp#27;[0m&amp#27;[32mI click the Log out button&amp#27;[0m                                         &amp#27;[90m# starter.stepdefinitions.LogoutStepDefinitions.iClickTheLogOutButton()&amp#27;[0m
]]></system-out>
  </testcase>
  <testcase name="Send Message" classname="Send Message Feature" time="14.656">
    <system-out><![CDATA[19:44:14.984 [main] INFO   - Test Suite Started: Send Message Feature

@sendMessage
Scenario: Send Message                                     &amp#27;[90m# features/login/SendMessage.feature:4&amp#27;[0m
19:44:15.031 [main] INFO  n.s.c.w.d.ChromeDriverProvider - Starting Chrome driver instance with capabilities:
19:44:15.031 [main] INFO  n.s.c.w.d.ChromeDriverProvider - Capabilities {acceptInsecureCerts: true, browserName: chrome, goog:chromeOptions: {args: [test-type, no-sandbox, ignore-certificate-errors, --window-size=1000,800, incognito, disable-infobars, disable-gpu, disable-default-apps, disable-popup-blocking, disable-dev-shm-usage, disable-extensions, disable-web-security, disable-translate, disable-logging, test-type, no-sandbox, ignore-certificate-errors, --window-size=1000,800, incognito, disable-infobars, disable-gpu, disable-default-apps, disable-popup-blocking, disable-dev-shm-usage, disable-extensions, disable-web-security, disable-translate, disable-logging, remote-allow-origins=*], extensions: []}}
  &amp#27;[32mGiven &amp#27;[0m&amp#27;[32mI am on the Home Page&amp#27;[0m                              &amp#27;[90m# starter.stepdefinitions.NonValidCredentialsLoginStepsDefinitions.iAmOnTheHomePage()&amp#27;[0m
  &amp#27;[32mWhen &amp#27;[0m&amp#27;[32mI click the Login button&amp#27;[0m                            &amp#27;[90m# starter.stepdefinitions.NonValidCredentialsLoginStepsDefinitions.iClickTheLoginButton()&amp#27;[0m
  &amp#27;[32mAnd &amp#27;[0m&amp#27;[32mI enter the username &amp#27;[0m&amp#27;[32m&amp#27;[1m"strugure"&amp#27;[0m                      &amp#27;[90m# starter.stepdefinitions.NonValidCredentialsLoginStepsDefinitions.iEnterTheUsername(java.lang.String)&amp#27;[0m
  &amp#27;[32mAnd &amp#27;[0m&amp#27;[32mI enter the password &amp#27;[0m&amp#27;[32m&amp#27;[1m"strugure"&amp#27;[0m                      &amp#27;[90m# starter.stepdefinitions.NonValidCredentialsLoginStepsDefinitions.iEnterThePassword(java.lang.String)&amp#27;[0m
  &amp#27;[32mAnd &amp#27;[0m&amp#27;[32mI click the Log in button&amp#27;[0m                            &amp#27;[90m# starter.stepdefinitions.NonValidCredentialsLoginStepsDefinitions.iClickTheLogInButton()&amp#27;[0m
  &amp#27;[32mAnd &amp#27;[0m&amp#27;[32mI click the Contact button&amp#27;[0m                           &amp#27;[90m# starter.stepdefinitions.SendMessageStepDefinitions.iClickTheContactButton()&amp#27;[0m
  &amp#27;[32mAnd &amp#27;[0m&amp#27;[32mI enter Contact Email &amp#27;[0m&amp#27;[32m&amp#27;[1m"strugure@podgorie.vie"&amp#27;[0m        &amp#27;[90m# starter.stepdefinitions.SendMessageStepDefinitions.iEnterContactEmail(java.lang.String)&amp#27;[0m
  &amp#27;[32mAnd &amp#27;[0m&amp#27;[32mI enter Contact Name &amp#27;[0m&amp#27;[32m&amp#27;[1m"strugure"&amp#27;[0m                      &amp#27;[90m# starter.stepdefinitions.SendMessageStepDefinitions.iEnterContactName(java.lang.String)&amp#27;[0m
  &amp#27;[32mAnd &amp#27;[0m&amp#27;[32mI enter Message &amp#27;[0m&amp#27;[32m&amp#27;[1m"S-au copt strugurii"&amp#27;[0m                &amp#27;[90m# starter.stepdefinitions.SendMessageStepDefinitions.iEnterMessage(java.lang.String)&amp#27;[0m
  &amp#27;[32mAnd &amp#27;[0m&amp#27;[32mI click Send message button&amp#27;[0m                          &amp#27;[90m# starter.stepdefinitions.SendMessageStepDefinitions.iClickSendMessageButton()&amp#27;[0m
  &amp#27;[32mThen &amp#27;[0m&amp#27;[32mI should see the &amp#27;[0m&amp#27;[32m&amp#27;[1m"Thanks for the message!!"&amp#27;[0m&amp#27;[32m message&amp#27;[0m &amp#27;[90m# starter.stepdefinitions.AddProductsToCartStepDefinitions.iShouldSeeTheMessage(java.lang.String)&amp#27;[0m
  &amp#27;[32mAnd &amp#27;[0m&amp#27;[32mI accept the alert&amp#27;[0m                                   &amp#27;[90m# starter.stepdefinitions.PlaceAnOrderNonValidCredentialsStepDefinitions.iAcceptTheAlert()&amp#27;[0m
]]></system-out>
  </testcase>
  <testcase name="Login with valid credentials" classname="Valid Credentials Login Feature" time="8.566">
    <system-out><![CDATA[19:44:29.641 [main] INFO   - Test Suite Started: Valid Credentials Login Feature

@validLogin
Scenario: Login with valid credentials                     &amp#27;[90m# features/login/ValidCredentialsLogin.feature:4&amp#27;[0m
19:44:29.683 [main] INFO  n.s.c.w.d.ChromeDriverProvider - Starting Chrome driver instance with capabilities:
19:44:29.683 [main] INFO  n.s.c.w.d.ChromeDriverProvider - Capabilities {acceptInsecureCerts: true, browserName: chrome, goog:chromeOptions: {args: [test-type, no-sandbox, ignore-certificate-errors, --window-size=1000,800, incognito, disable-infobars, disable-gpu, disable-default-apps, disable-popup-blocking, disable-dev-shm-usage, disable-extensions, disable-web-security, disable-translate, disable-logging, test-type, no-sandbox, ignore-certificate-errors, --window-size=1000,800, incognito, disable-infobars, disable-gpu, disable-default-apps, disable-popup-blocking, disable-dev-shm-usage, disable-extensions, disable-web-security, disable-translate, disable-logging, remote-allow-origins=*], extensions: []}}
  &amp#27;[32mGiven &amp#27;[0m&amp#27;[32mI am on the Home Page&amp#27;[0m                              &amp#27;[90m# starter.stepdefinitions.NonValidCredentialsLoginStepsDefinitions.iAmOnTheHomePage()&amp#27;[0m
  &amp#27;[32mWhen &amp#27;[0m&amp#27;[32mI click the Login button&amp#27;[0m                            &amp#27;[90m# starter.stepdefinitions.NonValidCredentialsLoginStepsDefinitions.iClickTheLoginButton()&amp#27;[0m
  &amp#27;[32mAnd &amp#27;[0m&amp#27;[32mI enter the username &amp#27;[0m&amp#27;[32m&amp#27;[1m"strugure"&amp#27;[0m                      &amp#27;[90m# starter.stepdefinitions.NonValidCredentialsLoginStepsDefinitions.iEnterTheUsername(java.lang.String)&amp#27;[0m
  &amp#27;[32mAnd &amp#27;[0m&amp#27;[32mI enter the password &amp#27;[0m&amp#27;[32m&amp#27;[1m"strugure"&amp#27;[0m                      &amp#27;[90m# starter.stepdefinitions.NonValidCredentialsLoginStepsDefinitions.iEnterThePassword(java.lang.String)&amp#27;[0m
  &amp#27;[32mAnd &amp#27;[0m&amp#27;[32mI click the Log in button&amp#27;[0m                            &amp#27;[90m# starter.stepdefinitions.NonValidCredentialsLoginStepsDefinitions.iClickTheLogInButton()&amp#27;[0m
  &amp#27;[32mThen &amp#27;[0m&amp#27;[32mI should see the &amp#27;[0m&amp#27;[32m&amp#27;[1m"Welcome strugure"&amp#27;[0m&amp#27;[32m welcome message&amp#27;[0m &amp#27;[90m# starter.stepdefinitions.ValidCredentialsLoginStepsDefinitions.iShouldSeeTheWelcomeMessage(java.lang.String)&amp#27;[0m
]]></system-out>
  </testcase>
</testsuite>